Copyright 1986-2020 Xilinx, Inc. All Rights Reserved.
------------------------------------------------------------------------------------
| Tool Version : Vivado v.2020.1 (win64) Build 2902540 Wed May 27 19:54:49 MDT 2020
| Date         : Tue Nov 17 09:21:57 2020
| Host         : MATTHEW-LAPTOP-1 running 64-bit major release  (build 9200)
| Command      : report_control_sets -verbose -file mult_control_sets_placed.rpt
| Design       : mult
| Device       : xc7a35t
------------------------------------------------------------------------------------

Control Set Information

Table of Contents
-----------------
1. Summary
2. Histogram
3. Flip-Flop Distribution
4. Detailed Control Set Information

1. Summary
----------

+----------------------------------------------------------+-------+
|                          Status                          | Count |
+----------------------------------------------------------+-------+
| Total control sets                                       |     6 |
|    Minimum number of control sets                        |     6 |
|    Addition due to synthesis replication                 |     0 |
|    Addition due to physical synthesis replication        |     0 |
| Unused register locations in slices containing registers |    24 |
+----------------------------------------------------------+-------+
* Control sets can be merged at opt_design using control_set_merge or merge_equivalent_drivers
** Run report_qor_suggestions for automated merging and remapping suggestions


2. Histogram
------------

+--------------------+-------+
|       Fanout       | Count |
+--------------------+-------+
| Total control sets |     6 |
| >= 0 to < 4        |     3 |
| >= 4 to < 6        |     2 |
| >= 6 to < 8        |     0 |
| >= 8 to < 10       |     1 |
| >= 10 to < 12      |     0 |
| >= 12 to < 14      |     0 |
| >= 14 to < 16      |     0 |
| >= 16              |     0 |
+--------------------+-------+
* Control sets can be remapped at either synth_design or opt_design


3. Flip-Flop Distribution
-------------------------

+--------------+-----------------------+------------------------+-----------------+--------------+
| Clock Enable | Synchronous Set/Reset | Asynchronous Set/Reset | Total Registers | Total Slices |
+--------------+-----------------------+------------------------+-----------------+--------------+
| No           | No                    | No                     |              24 |            9 |
| No           | No                    | Yes                    |               0 |            0 |
| No           | Yes                   | No                     |               0 |            0 |
| Yes          | No                    | No                     |               0 |            0 |
| Yes          | No                    | Yes                    |               0 |            0 |
| Yes          | Yes                   | No                     |               0 |            0 |
+--------------+-----------------------+------------------------+-----------------+--------------+


4. Detailed Control Set Information
-----------------------------------

+-------------------------+---------------+------------------+------------------+----------------+--------------+
|       Clock Signal      | Enable Signal | Set/Reset Signal | Slice Load Count | Bel Load Count | Bels / Slice |
+-------------------------+---------------+------------------+------------------+----------------+--------------+
|  stop_reg_i_2_n_0       |               |                  |                1 |              1 |         1.00 |
|  count_reg[2]_i_2_n_0   |               |                  |                1 |              3 |         3.00 |
|  clk_IBUF_BUFG          |               |                  |                2 |              3 |         1.50 |
|  prod_reg[3]_i_2_n_0    |               |                  |                1 |              4 |         4.00 |
|  prod_reg[8]_i_2_n_0    |               |                  |                2 |              5 |         2.50 |
|  product_reg[7]_i_1_n_0 |               |                  |                2 |              8 |         4.00 |
+-------------------------+---------------+------------------+------------------+----------------+--------------+


